<?xml version="1.0" encoding="UTF-8"?>
<testsuite xmlns:xsi="http://www.w3.org/2001/XMLSchema-instance" xsi:noNamespaceSchemaLocation="https://maven.apache.org/surefire/maven-surefire-plugin/xsd/surefire-test-report-3.0.xsd" version="3.0" name="com.example.drools.service.ClaimServiceTest" time="4.168" tests="6" errors="0" skipped="0" failures="0">
  <properties>
[...]
</properties>
  <testcase name="testHighRiskLargeAmount" classname="com.example.drools.service.ClaimServiceTest" time="0.75">
    <system-out><![CDATA[10:28:58.801 [main] INFO org.springframework.test.context.support.AnnotationConfigContextLoaderUtils -- Could not detect default configuration classes for test class [com.example.drools.service.ClaimServiceTest]: ClaimServiceTest does not declare any static, non-private, non-final, nested classes annotated with @Configuration.
10:28:58.880 [main] INFO org.springframework.boot.test.context.SpringBootTestContextBootstrapper -- Found @SpringBootConfiguration com.example.drools.DroolsDemoApplication for test class com.example.drools.service.ClaimServiceTest
  .   ____          _            __ _ _
 /\\ / ___'_ __ _ _(_)_ __  __ _ \ \ \ \
( ( )\___ | '_ | '_| | '_ \/ _` | \ \ \ \
 \\/  ___)| |_)| | | | | || (_| |  ) ) ) )
  '  |____| .__|_| |_|_| |_\__, | / / / /
 =========|_|==============|___/=/_/_/_/

 :: Spring Boot ::                (v3.3.0)

2025-11-23T10:28:59.215+08:00  INFO 43544 --- [           main] c.e.drools.service.ClaimServiceTest      : Starting ClaimServiceTest using Java 17.0.14 with PID 43544 (started by yangq in D:\MyProjects\drools-insurance-claim-demo)
2025-11-23T10:28:59.217+08:00  INFO 43544 --- [           main] c.e.drools.service.ClaimServiceTest      : No active profile set, falling back to 1 default profile: "default"
2025-11-23T10:28:59.873+08:00  WARN 43544 --- [           main] o.k.m.i.embedder.MavenSettings           : Environment variable M2_HOME is not set
2025-11-23T10:29:02.020+08:00  INFO 43544 --- [           main] c.e.drools.service.ClaimServiceTest      : Started ClaimServiceTest in 3.011 seconds (process running for 3.778)
2025-11-23T10:29:02.670+08:00  INFO 43544 --- [           main] o.d.c.kie.builder.impl.KieContainerImpl  : Start creation of KieBase: defaultKieBase
2025-11-23T10:29:02.717+08:00  INFO 43544 --- [           main] o.d.c.kie.builder.impl.KieContainerImpl  : End creation of KieBase: defaultKieBase
Rule fired: High risk for large claims - Risk +50
Rule fired: Require investigation for high risk claims
]]></system-out>
  </testcase>
  <testcase name="testMultipleRiskFactors" classname="com.example.drools.service.ClaimServiceTest" time="0.007">
    <system-out><![CDATA[Rule fired: Risk for frequent claimant - Risk +30
Rule fired: Risk for Theft claims - Risk +20
Rule fired: Require investigation for high risk claims
]]></system-out>
  </testcase>
  <testcase name="testConflictResolution" classname="com.example.drools.service.ClaimServiceTest" time="0.008">
    <system-out><![CDATA[Rule fired: High risk for large claims - Risk +50
Rule fired: Reject if policy limit exceeded
]]></system-out>
  </testcase>
  <testcase name="testInactivePolicy" classname="com.example.drools.service.ClaimServiceTest" time="0.006">
    <system-out><![CDATA[Rule fired: Reject if policy is not active
]]></system-out>
  </testcase>
  <testcase name="testLowRiskApproval" classname="com.example.drools.service.ClaimServiceTest" time="0.005">
    <system-out><![CDATA[Rule fired: Approve low risk claims
]]></system-out>
  </testcase>
  <testcase name="testDeductibleRejection" classname="com.example.drools.service.ClaimServiceTest" time="0.005">
    <system-out><![CDATA[Rule fired: Reject if amount less than deductible
Rule fired: Reject if amount less than deductible
]]></system-out>
  </testcase>
</testsuite>